In file included from /home/vicenterey/esp/projects_tf/model/person_detection/main/detection_responder.cc:8:
/home/vicenterey/esp/idf/esp-idf/components/driver/deprecated/driver/mcpwm.h:15:2: warning: #warning "legacy MCPWM driver is deprecated, please migrate to the new driver (include driver/mcpwm_prelude.h)" [-Wcpp]
   15 | #warning "legacy MCPWM driver is deprecated, please migrate to the new driver (include driver/mcpwm_prelude.h)"
      |  ^~~~~~~
/home/vicenterey/esp/projects_tf/model/person_detection/main/detection_responder.cc: In function 'void mcpwm_example_servo_control(void*)':
/home/vicenterey/esp/projects_tf/model/person_detection/main/detection_responder.cc:78:5: error: 'mcpwm_timer_handle_t' was not declared in this scope; did you mean 'esp_timer_handle_t'?
   78 |     mcpwm_timer_handle_t timer = NULL;
      |     ^~~~~~~~~~~~~~~~~~~~
      |     esp_timer_handle_t
/home/vicenterey/esp/projects_tf/model/person_detection/main/detection_responder.cc:79:5: error: 'mcpwm_timer_config_t' was not declared in this scope; did you mean 'mcpwm_pin_config_t'?
   79 |     mcpwm_timer_config_t timer_config = {
      |     ^~~~~~~~~~~~~~~~~~~~
      |     mcpwm_pin_config_t
/home/vicenterey/esp/projects_tf/model/person_detection/main/detection_responder.cc:84:22: error: 'timer_config' was not declared in this scope
   84 |     mcpwm_new_timer(&timer_config, &timer);
      |                      ^~~~~~~~~~~~
/home/vicenterey/esp/projects_tf/model/person_detection/main/detection_responder.cc:84:37: error: 'timer' was not declared in this scope
   84 |     mcpwm_new_timer(&timer_config, &timer);
      |                                     ^~~~~
/home/vicenterey/esp/projects_tf/model/person_detection/main/detection_responder.cc:84:5: error: 'mcpwm_new_timer' was not declared in this scope
   84 |     mcpwm_new_timer(&timer_config, &timer);
      |     ^~~~~~~~~~~~~~~
/home/vicenterey/esp/projects_tf/model/person_detection/main/detection_responder.cc:86:5: error: 'mcpwm_operator_handle_t' was not declared in this scope; did you mean 'mcpwm_operator_t'?
   86 |     mcpwm_operator_handle_t operator = NULL;
      |     ^~~~~~~~~~~~~~~~~~~~~~~
      |     mcpwm_operator_t
/home/vicenterey/esp/projects_tf/model/person_detection/main/detection_responder.cc:87:5: error: 'mcpwm_operator_config_t' was not declared in this scope; did you mean 'mcpwm_carrier_config_t'?
   87 |     mcpwm_operator_config_t operator_config = {
      |     ^~~~~~~~~~~~~~~~~~~~~~~
      |     mcpwm_carrier_config_t
/home/vicenterey/esp/projects_tf/model/person_detection/main/detection_responder.cc:90:25: error: 'operator_config' was not declared in this scope
   90 |     mcpwm_new_operator(&operator_config, &operator);
      |                         ^~~~~~~~~~~~~~~
/home/vicenterey/esp/projects_tf/model/person_detection/main/detection_responder.cc:90:51: error: expected type-specifier before ')' token
   90 |     mcpwm_new_operator(&operator_config, &operator);
      |                                                   ^
/home/vicenterey/esp/projects_tf/model/person_detection/main/detection_responder.cc:90:5: error: 'mcpwm_new_operator' was not declared in this scope; did you mean 'mcpwm_operator_t'?
   90 |     mcpwm_new_operator(&operator_config, &operator);
      |     ^~~~~~~~~~~~~~~~~~
      |     mcpwm_operator_t
/home/vicenterey/esp/projects_tf/model/person_detection/main/detection_responder.cc:91:42: error: 'operator,' not defined
   91 |     mcpwm_operator_connect_timer(operator, timer);
      |                                          ^
/home/vicenterey/esp/projects_tf/model/person_detection/main/detection_responder.cc:91:5: error: 'mcpwm_operator_connect_timer' was not declared in this scope
   91 |     mcpwm_operator_connect_timer(operator, timer);
      |     ^~~~~~~~~~~~~~~~~~~~~~~~~~~~
/home/vicenterey/esp/projects_tf/model/person_detection/main/detection_responder.cc:93:5: error: 'mcpwm_comparator_handle_t' was not declared in this scope
   93 |     mcpwm_comparator_handle_t comparator = NULL;
      |     ^~~~~~~~~~~~~~~~~~~~~~~~~
/home/vicenterey/esp/projects_tf/model/person_detection/main/detection_responder.cc:94:5: error: 'mcpwm_comparator_config_t' was not declared in this scope; did you mean 'mcpwm_carrier_config_t'?
   94 |     mcpwm_comparator_config_t comparator_config = {
      |     ^~~~~~~~~~~~~~~~~~~~~~~~~
      |     mcpwm_carrier_config_t
/home/vicenterey/esp/projects_tf/model/person_detection/main/detection_responder.cc:97:34: error: 'operator,' not defined
   97 |     mcpwm_new_comparator(operator, &comparator_config, &comparator);
      |                                  ^
/home/vicenterey/esp/projects_tf/model/person_detection/main/detection_responder.cc:97:37: error: 'comparator_config' was not declared in this scope
   97 |     mcpwm_new_comparator(operator, &comparator_config, &comparator);
      |                                     ^~~~~~~~~~~~~~~~~
/home/vicenterey/esp/projects_tf/model/person_detection/main/detection_responder.cc:97:57: error: 'comparator' was not declared in this scope
   97 |     mcpwm_new_comparator(operator, &comparator_config, &comparator);
      |                                                         ^~~~~~~~~~
/home/vicenterey/esp/projects_tf/model/person_detection/main/detection_responder.cc:97:5: error: 'mcpwm_new_comparator' was not declared in this scope
   97 |     mcpwm_new_comparator(operator, &comparator_config, &comparator);
      |     ^~~~~~~~~~~~~~~~~~~~
/home/vicenterey/esp/projects_tf/model/person_detection/main/detection_responder.cc:99:5: error: 'mcpwm_generator_handle_t' was not declared in this scope; did you mean 'mcpwm_generator_action_t'?
   99 |     mcpwm_generator_handle_t generator = NULL;
      |     ^~~~~~~~~~~~~~~~~~~~~~~~
      |     mcpwm_generator_action_t
/home/vicenterey/esp/projects_tf/model/person_detection/main/detection_responder.cc:100:5: error: 'mcpwm_generator_config_t' was not declared in this scope; did you mean 'mcpwm_generator_action_t'?
  100 |     mcpwm_generator_config_t generator_config = {
      |     ^~~~~~~~~~~~~~~~~~~~~~~~
      |     mcpwm_generator_action_t
/home/vicenterey/esp/projects_tf/model/person_detection/main/detection_responder.cc:103:33: error: 'operator,' not defined
  103 |     mcpwm_new_generator(operator, &generator_config, &generator);
      |                                 ^
/home/vicenterey/esp/projects_tf/model/person_detection/main/detection_responder.cc:103:36: error: 'generator_config' was not declared in this scope
  103 |     mcpwm_new_generator(operator, &generator_config, &generator);
      |                                    ^~~~~~~~~~~~~~~~
/home/vicenterey/esp/projects_tf/model/person_detection/main/detection_responder.cc:103:55: error: 'generator' was not declared in this scope
  103 |     mcpwm_new_generator(operator, &generator_config, &generator);
      |                                                       ^~~~~~~~~
/home/vicenterey/esp/projects_tf/model/person_detection/main/detection_responder.cc:103:5: error: 'mcpwm_new_generator' was not declared in this scope; did you mean 'mcpwm_generator_t'?
  103 |     mcpwm_new_generator(operator, &generator_config, &generator);
      |     ^~~~~~~~~~~~~~~~~~~
      |     mcpwm_generator_t
/home/vicenterey/esp/projects_tf/model/person_detection/main/detection_responder.cc:105:5: error: 'mcpwm_timer_event_callbacks_t' was not declared in this scope; did you mean 'mcpwm_timer_event_t'?
  105 |     mcpwm_timer_event_callbacks_t cbs = {
      |     ^~~~~~~~~~~~~~~~~~~~~~~~~~~~~
      |     mcpwm_timer_event_t
/home/vicenterey/esp/projects_tf/model/person_detection/main/detection_responder.cc:108:50: error: 'cbs' was not declared in this scope; did you mean 'abs'?
  108 |     mcpwm_timer_register_event_callbacks(timer, &cbs, NULL);
      |                                                  ^~~
      |                                                  abs
/home/vicenterey/esp/projects_tf/model/person_detection/main/detection_responder.cc:108:5: error: 'mcpwm_timer_register_event_callbacks' was not declared in this scope
  108 |     mcpwm_timer_register_event_callbacks(timer, &cbs, NULL);
      |     ^~~~~~~~~~~~~~~~~~~~~~~~~~~~~~~~~~~~
/home/vicenterey/esp/projects_tf/model/person_detection/main/detection_responder.cc:110:5: error: 'mcpwm_timer_enable' was not declared in this scope; did you mean 'mcpwm_deadtime_enable'?
  110 |     mcpwm_timer_enable(timer);
      |     ^~~~~~~~~~~~~~~~~~
      |     mcpwm_deadtime_enable
/home/vicenterey/esp/projects_tf/model/person_detection/main/detection_responder.cc:116:13: error: 'mcpwm_comparator_set_compare_value' was not declared in this scope
  116 |             mcpwm_comparator_set_compare_value(comparator, angle);
      |             ^~~~~~~~~~~~~~~~~~~~~~~~~~~~~~~~~~
/home/vicenterey/esp/projects_tf/model/person_detection/main/detection_responder.cc:118:26: error: 'MCPWM_TIMER_EVENT_TEP' was not declared in this scope; did you mean 'MCPWM_TIMER_EVENT_FULL'?
  118 |                 .event = MCPWM_TIMER_EVENT_TEP,
      |                          ^~~~~~~~~~~~~~~~~~~~~
      |                          MCPWM_TIMER_EVENT_FULL
/home/vicenterey/esp/projects_tf/model/person_detection/main/detection_responder.cc:117:68: error: 'MCPWM_GEN_COMPARE_EVENT_ACTION' was not declared in this scope
  117 |             mcpwm_generator_set_action_on_compare_event(generator, MCPWM_GEN_COMPARE_EVENT_ACTION({
      |                                                                    ^~~~~~~~~~~~~~~~~~~~~~~~~~~~~~
/home/vicenterey/esp/projects_tf/model/person_detection/main/detection_responder.cc:117:13: error: 'mcpwm_generator_set_action_on_compare_event' was not declared in this scope
  117 |             mcpwm_generator_set_action_on_compare_event(generator, MCPWM_GEN_COMPARE_EVENT_ACTION({
      |             ^~~~~~~~~~~~~~~~~~~~~~~~~~~~~~~~~~~~~~~~~~~
/home/vicenterey/esp/projects_tf/model/person_detection/main/detection_responder.cc:122:26: error: 'MCPWM_TIMER_EVENT_TEZ' was not declared in this scope; did you mean 'MCPWM_TIMER_EVENT_FULL'?
  122 |                 .event = MCPWM_TIMER_EVENT_TEZ,
      |                          ^~~~~~~~~~~~~~~~~~~~~
      |                          MCPWM_TIMER_EVENT_FULL
make[2]: *** [esp-idf/main/CMakeFiles/__idf_main.dir/build.make:76: esp-idf/main/CMakeFiles/__idf_main.dir/detection_responder.cc.obj] Error 1
make[1]: *** [CMakeFiles/Makefile2:5675: esp-idf/main/CMakeFiles/__idf_main.dir/all] Error 2
make: *** [Makefile:136: all] Error 2
